<?xml version="1.0" encoding="utf-8"?>
<assemblies timestamp="05/27/2017 20:21:50">
  <assembly name="NetCoreTestCI.Test.dll" environment="64-bit .NET Standard [collection-per-class, parallel (16 threads)]" test-framework="xUnit.net 2.3.0.3683" run-date="2017-05-27" run-time="20:21:50" total="2" passed="2" failed="0" skipped="0" time="0.221" errors="0">
    <errors />
    <collection total="2" passed="2" failed="0" skipped="0" name="Test collection for NetCoreTestCI.Test.TextTest" time="0.046">
      <test name="NetCoreTestCI.Test.TextTest.TestSlugify(actual: \&quot;Hello .Net Core!\&quot;, expected: \&quot;hello-net-core\&quot;)" type="NetCoreTestCI.Test.TextTest" method="TestSlugify" time="0.0437216" result="Pass" />
      <test name="NetCoreTestCI.Test.TextTest.TestSlugify(actual: \&quot;Türkçe karakterler çok şanssız!\&quot;, expected: \&quot;turkce-karakterler-cok-sanssiz\&quot;)" type="NetCoreTestCI.Test.TextTest" method="TestSlugify" time="0.0027514" result="Pass" />
    </collection>
  </assembly>
</assemblies>