<?xml version="1.0" encoding="UTF-8"?>
<TestRun id="6701c652-8239-44f2-b9ac-bb71727c3bcf" name="susta@WISGNSUSTA440 2017-05-27 18:57:25" runUser="HURRIYET\susta" xmlns="http://microsoft.com/schemas/VisualStudio/TeamTest/2010">
  <Times creation="2017-05-27T18:57:25.2961957+03:00" queuing="2017-05-27T18:57:25.2961957+03:00" start="2017-05-27T18:57:24.2873445+03:00" finish="2017-05-27T18:57:25.3011941+03:00" />
  <TestSettings name="default" id="1e30b23c-fba9-43ba-9251-9d2b6cc3f547">
    <Deployment runDeploymentRoot="susta_WISGNSUSTA440 2017-05-27 18_57_25" />
  </TestSettings>
  <Results>
    <UnitTestResult executionId="08e6ebe0-4b54-4415-8c9f-a3d8fa029e86" testId="98f8f540-9902-4aeb-b426-14131d8a0584" testName="TestSlugify" computerName="WISGNSUSTA440" duration="00:00:00.0333617" startTime="2017-05-27T18:57:25.0287033+03:00" endTime="2017-05-27T18:57:25.0906786+03:00" testType="13cdc9d9-ddb5-4fa4-a97d-d965ccfc6d4b" outcome="Passed" testListId="8c84fa94-04c1-424b-9868-57a2d4851a1d" relativeResultsDirectory="08e6ebe0-4b54-4415-8c9f-a3d8fa029e86">
      <Output>
      </Output>
    </UnitTestResult>
    <UnitTestResult executionId="78e97ede-c972-4a2b-93b7-064735324453" testId="eeb0688e-3742-4010-9d86-38b79f505182" testName="TestSlugifyWithTurkishChars" computerName="WISGNSUSTA440" duration="00:00:00.0025034" startTime="2017-05-27T18:57:25.1026786+03:00" endTime="2017-05-27T18:57:25.1056786+03:00" testType="13cdc9d9-ddb5-4fa4-a97d-d965ccfc6d4b" outcome="Passed" testListId="8c84fa94-04c1-424b-9868-57a2d4851a1d" relativeResultsDirectory="78e97ede-c972-4a2b-93b7-064735324453">
      <Output>
      </Output>
    </UnitTestResult>
  </Results>
  <TestDefinitions>
    <UnitTest name="TestSlugify" storage="c:\users\susta\documents\visual studio 2017\projects\netcoretestci\src\netcoretestci.test\bin\debug\netcoreapp1.1\netcoretestci.test.dll" id="98f8f540-9902-4aeb-b426-14131d8a0584">
      <Execution id="08e6ebe0-4b54-4415-8c9f-a3d8fa029e86" />
      <TestMethod codeBase="C:\Users\SUSTA\Documents\Visual Studio 2017\Projects\NetCoreTestCI\src\NetCoreTestCI.Test\bin\Debug\netcoreapp1.1\NetCoreTestCI.Test.dll" executorUriOfAdapter="executor://mstestadapter/v2" className="NetCoreTestCI.Test.TextTest" name="TestSlugify" />
    </UnitTest>
    <UnitTest name="TestSlugifyWithTurkishChars" storage="c:\users\susta\documents\visual studio 2017\projects\netcoretestci\src\netcoretestci.test\bin\debug\netcoreapp1.1\netcoretestci.test.dll" id="eeb0688e-3742-4010-9d86-38b79f505182">
      <Execution id="78e97ede-c972-4a2b-93b7-064735324453" />
      <TestMethod codeBase="C:\Users\SUSTA\Documents\Visual Studio 2017\Projects\NetCoreTestCI\src\NetCoreTestCI.Test\bin\Debug\netcoreapp1.1\NetCoreTestCI.Test.dll" executorUriOfAdapter="executor://mstestadapter/v2" className="NetCoreTestCI.Test.TextTest" name="TestSlugifyWithTurkishChars" />
    </UnitTest>
  </TestDefinitions>
  <TestEntries>
    <TestEntry testId="98f8f540-9902-4aeb-b426-14131d8a0584" executionId="08e6ebe0-4b54-4415-8c9f-a3d8fa029e86" testListId="8c84fa94-04c1-424b-9868-57a2d4851a1d" />
    <TestEntry testId="eeb0688e-3742-4010-9d86-38b79f505182" executionId="78e97ede-c972-4a2b-93b7-064735324453" testListId="8c84fa94-04c1-424b-9868-57a2d4851a1d" />
  </TestEntries>
  <TestLists>
    <TestList name="Results Not in a List" id="8c84fa94-04c1-424b-9868-57a2d4851a1d" />
    <TestList name="All Loaded Results" id="19431567-8539-422a-85d7-44ee4e166bda" />
  </TestLists>
  <ResultSummary outcome="Completed">
    <Counters total="2" executed="2" passed="2" failed="0" error="0" timeout="0" aborted="0" inconclusive="0" passedButRunAborted="0" notRunnable="0" notExecuted="0" disconnected="0" warning="0" completed="0" inProgress="0" pending="0" />
  </ResultSummary>
</TestRun>